2023-12-19 14:06:58,006 [1] INFO  - Loaded appender: FileAppenderInternal
2023-12-19 14:06:58,037 [1] INFO  - Loaded appender: FileAppenderExternal
2023-12-19 14:06:58,038 [1] INFO  - Loaded appender: UserLoggerAppender
2023-12-19 14:06:58,039 [1] INFO  - Loaded appender: FileAppenderInternal
2023-12-19 14:06:58,040 [1] INFO  - Loaded appender: FileAppenderExternal
2023-12-19 14:06:58,041 [1] INFO  - Loaded appender: UserLoggerAppender
2023-12-19 14:06:59,013 [8] INFO  - Step 'Start' : Step 'Start' started
2023-12-19 14:06:59,078 [8] INFO  - Step 'Start' ended successfully
2023-12-19 14:06:59,085 [8] INFO  - Step 'Test Flow' : Step 'Test Flow' started
2023-12-19 14:06:59,090 [8] INFO  - Step 'Iteration 1' : Step 'Iteration 1' started
2023-12-19 14:06:59,092 [8] INFO  - Step 'Concatenate Strings5' : Step 'Concatenate Strings5' started
2023-12-19 14:06:59,099 [8] INFO  - Step 'Concatenate Strings5' : Input Parameter 'Prefix', Value: 'http://localhost:3434/cars-app/carShop/car'
2023-12-19 14:06:59,104 [8] INFO  - Step 'Concatenate Strings5' : Input Parameter 'Suffix', Value: '/1ZVBP8AM1D5256900'
2023-12-19 14:06:59,106 [8] INFO  - Step 'Concatenate Strings5' : Output Parameter 'Result', Value: 'http://localhost:3434/cars-app/carShop/car/1ZVBP8AM1D5256900'
2023-12-19 14:06:59,109 [8] INFO  - Step 'Concatenate Strings5' ended successfully
2023-12-19 14:06:59,111 [8] INFO  - Step 'HTTP Request4' : Step 'HTTP Request4' started
2023-12-19 14:06:59,136 [8] INFO  - Step 'HTTP Request4' : Fetching HTTP Url: 'http://localhost:3434/cars-app/carShop/car/1ZVBP8AM1D5256900'
2023-12-19 14:06:59,270 [8] INFO  - Step 'HTTP Request4' : Server returned status code: 200
2023-12-19 14:06:59,279 [8] INFO  - Step 'HTTP Request4' : HTTP Raw request:
2023-12-19 14:06:59,282 [8] INFO  - Step 'HTTP Request4' : GET http://localhost:3434/cars-app/carShop/car/1ZVBP8AM1D5256900 1.1
Host: localhost:3434
Connection: Keep-Alive

2023-12-19 14:06:59,288 [8] INFO  - Step 'HTTP Request4' : HTTP Raw response:
2023-12-19 14:06:59,291 [8] INFO  - Step 'HTTP Request4' : HTTP/1.1 200 OK
X-Application-Context: application:production:3434
Transfer-Encoding: chunked
Content-Type: application/json;charset=UTF-8
Date: Tue, 19 Dec 2023 17:06:59 GMT
Server: Apache-Coyote/1.1
{"class":"com.ca.lisa.demo.CarInventory","id":2,"carTrim":"Technology","color":"Black","dealer":{"class":"com.ca.lisa.demo.CarDealer","id":2,"address":"3800 Motor City Dr","city":"Denver","name":"Mountain Motors Inc","state":"CO","telephone":"303-222-8766","website":"www.mmdenver.com","zip":"80202"},"engine":"3.2 V6","image1":"inventory2.jpg","image2":"cars/interior2.jpg","makeid":1,"milage":30650,"model":{"class":"com.ca.lisa.demo.CarModel","id":2,"fuelType":"Gas","make":{"class":"com.ca.lisa.demo.CarMake","id":1,"name":"Acura"},"modelYear":2013,"name":"RLX-AWD","subName":"AWD","type":{"class":"com.ca.lisa.demo.CarType","id":7,"name":"Sedan"}},"modelYear":2013,"modelid":2,"options":"Leather, Navigation, Ski/BikeRack","owners":2,"price":30995.0,"stockNumber":"RA2356/1","transmission":"Auto","vin":"1ZVBP8AM1D5256900"}
2023-12-19 14:06:59,321 [8] INFO  - Checkpoint 0: "200" = "200" passed
2023-12-19 14:06:59,327 [8] INFO  - Checkpoint 1: "com.ca.lisa.demo.CarInventory" = "com.ca.lisa.demo.CarInventory" passed
2023-12-19 14:06:59,336 [8] INFO  - Checkpoint 2: "2" = "2" passed
2023-12-19 14:06:59,342 [8] INFO  - Checkpoint 3: "Technology" = "Technology" passed
2023-12-19 14:06:59,348 [8] INFO  - Checkpoint 4: "Black" = "Black" passed
2023-12-19 14:06:59,351 [8] INFO  - Checkpoint 5: "3.2 V6" = "3.2 V6" passed
2023-12-19 14:06:59,353 [8] INFO  - Checkpoint 6: "inventory2.jpg" = "inventory2.jpg" passed
2023-12-19 14:06:59,361 [8] INFO  - Checkpoint 7: "cars/interior2.jpg" = "cars/interior2.jpg" passed
2023-12-19 14:06:59,366 [8] INFO  - Checkpoint 8: "1" = "1" passed
2023-12-19 14:06:59,368 [8] INFO  - Checkpoint 9: "30650" = "30650" passed
2023-12-19 14:06:59,371 [8] INFO  - Checkpoint 10: "2013" = "2013" passed
2023-12-19 14:06:59,375 [8] INFO  - Checkpoint 11: "2" = "2" passed
2023-12-19 14:06:59,383 [8] INFO  - Checkpoint 12: "Leather, Navigation, Ski/BikeRack" = "Leather, Navigation, Ski/BikeRack" passed
2023-12-19 14:06:59,387 [8] INFO  - Checkpoint 13: "2" = "2" passed
2023-12-19 14:06:59,391 [8] INFO  - Checkpoint 14: "30995" = "30995" passed
2023-12-19 14:06:59,403 [8] INFO  - Checkpoint 15: "RA2356/1" = "RA2356/1" passed
2023-12-19 14:06:59,408 [8] INFO  - Checkpoint 16: "Auto" = "Auto" passed
2023-12-19 14:06:59,411 [8] INFO  - Checkpoint 17: "1ZVBP8AM1D5256900" = "1ZVBP8AM1D5256900" passed
2023-12-19 14:06:59,415 [8] INFO  - Checkpoint 18: "com.ca.lisa.demo.CarDealer" = "com.ca.lisa.demo.CarDealer" passed
2023-12-19 14:06:59,418 [8] INFO  - Checkpoint 19: "2" = "2" passed
2023-12-19 14:06:59,422 [8] INFO  - Checkpoint 20: "3800 Motor City Dr" = "3800 Motor City Dr" passed
2023-12-19 14:06:59,426 [8] INFO  - Checkpoint 21: "Denver" = "Denver" passed
2023-12-19 14:06:59,430 [8] INFO  - Checkpoint 22: "Mountain Motors Inc" = "Mountain Motors Inc" passed
2023-12-19 14:06:59,435 [8] INFO  - Checkpoint 23: "CO" = "CO" passed
2023-12-19 14:06:59,438 [8] INFO  - Checkpoint 24: "303-222-8766" = "303-222-8766" passed
2023-12-19 14:06:59,442 [8] INFO  - Checkpoint 25: "www.mmdenver.com" = "www.mmdenver.com" passed
2023-12-19 14:06:59,446 [8] INFO  - Checkpoint 26: "80202" = "80202" passed
2023-12-19 14:06:59,450 [8] INFO  - Checkpoint 27: "com.ca.lisa.demo.CarModel" = "com.ca.lisa.demo.CarModel" passed
2023-12-19 14:06:59,457 [8] INFO  - Checkpoint 28: "2" = "2" passed
2023-12-19 14:06:59,460 [8] INFO  - Checkpoint 29: "Gas" = "Gas" passed
2023-12-19 14:06:59,463 [8] INFO  - Checkpoint 30: "2013" = "2013" passed
2023-12-19 14:06:59,467 [8] INFO  - Checkpoint 31: "RLX-AWD" = "RLX-AWD" passed
2023-12-19 14:06:59,469 [8] INFO  - Checkpoint 32: "AWD" = "AWD" passed
2023-12-19 14:06:59,472 [8] INFO  - Checkpoint 33: "com.ca.lisa.demo.CarMake" = "com.ca.lisa.demo.CarMake" passed
2023-12-19 14:06:59,475 [8] INFO  - Checkpoint 34: "1" = "1" passed
2023-12-19 14:06:59,478 [8] INFO  - Checkpoint 35: "Acura" = "Acura" passed
2023-12-19 14:06:59,491 [8] INFO  - Checkpoint 36: "com.ca.lisa.demo.CarType" = "com.ca.lisa.demo.CarType" passed
2023-12-19 14:06:59,494 [8] INFO  - Checkpoint 37: "7" = "7" passed
2023-12-19 14:06:59,497 [8] INFO  - Checkpoint 38: "Sedan" = "Sedan" passed
2023-12-19 14:06:59,514 [8] INFO  - Step 'HTTP Request4' ended successfully
2023-12-19 14:06:59,516 [8] INFO  - Step 'Set OS Environment Variable6' : Step 'Set OS Environment Variable6' started
2023-12-19 14:06:59,536 [8] INFO  - Step 'Set OS Environment Variable6' : Input Parameter 'Variable name', Value: 'response'
2023-12-19 14:06:59,538 [8] INFO  - Step 'Set OS Environment Variable6' : Input Parameter 'Variable value', Value: '1ZVBP8AM1D5256900'
2023-12-19 14:06:59,544 [8] INFO  - Step 'Set OS Environment Variable6' ended successfully
2023-12-19 14:06:59,547 [8] INFO  - Step 'Iteration 1' ended successfully
2023-12-19 14:06:59,551 [8] INFO  - Step 'Test Flow' ended successfully
2023-12-19 14:06:59,553 [8] INFO  - Step 'End' : Step 'End' started
2023-12-19 14:06:59,568 [8] INFO  - Step 'End' ended successfully
