2023-12-19 14:06:25,525 [9] ERROR - Failed to log checkpoint status:
2023-12-19 14:06:25,526 [9] ERROR - System.Collections.Generic.KeyNotFoundException: A chave fornecida não estava presente no dicionário.
   em System.Collections.Generic.Dictionary`2.get_Item(TKey key)
   em HP.ST.Fwk.RunTimeFWK.CheckpointFWK.ReportImpl.WriteCPToLog(Dictionary`2 reportData, ILog log)
   em HP.ST.Fwk.RunTimeFWK.CheckpointFWK.ReportImpl.ReportToInternalLog(ISTRunTimeContext context, Dictionary`2 reportData)
2023-12-19 14:06:25,658 [9] ERROR - Failed to log checkpoint status:
2023-12-19 14:06:25,659 [9] ERROR - System.Collections.Generic.KeyNotFoundException: A chave fornecida não estava presente no dicionário.
   em System.Collections.Generic.Dictionary`2.get_Item(TKey key)
   em HP.ST.Fwk.RunTimeFWK.CheckpointFWK.ReportImpl.WriteCPToLog(Dictionary`2 reportData, ILog log)
   em HP.ST.Fwk.RunTimeFWK.CheckpointFWK.ReportImpl.ReportToInternalLog(ISTRunTimeContext context, Dictionary`2 reportData)
2023-12-19 14:06:25,784 [9] ERROR - Failed to log checkpoint status:
2023-12-19 14:06:25,785 [9] ERROR - System.Collections.Generic.KeyNotFoundException: A chave fornecida não estava presente no dicionário.
   em System.Collections.Generic.Dictionary`2.get_Item(TKey key)
   em HP.ST.Fwk.RunTimeFWK.CheckpointFWK.ReportImpl.WriteCPToLog(Dictionary`2 reportData, ILog log)
   em HP.ST.Fwk.RunTimeFWK.CheckpointFWK.ReportImpl.ReportToInternalLog(ISTRunTimeContext context, Dictionary`2 reportData)
2023-12-19 14:06:25,894 [9] ERROR - Failed to log checkpoint status:
2023-12-19 14:06:25,895 [9] ERROR - System.Collections.Generic.KeyNotFoundException: A chave fornecida não estava presente no dicionário.
   em System.Collections.Generic.Dictionary`2.get_Item(TKey key)
   em HP.ST.Fwk.RunTimeFWK.CheckpointFWK.ReportImpl.WriteCPToLog(Dictionary`2 reportData, ILog log)
   em HP.ST.Fwk.RunTimeFWK.CheckpointFWK.ReportImpl.ReportToInternalLog(ISTRunTimeContext context, Dictionary`2 reportData)
2023-12-19 14:06:26,032 [9] ERROR - Failed to log checkpoint status:
2023-12-19 14:06:26,033 [9] ERROR - System.Collections.Generic.KeyNotFoundException: A chave fornecida não estava presente no dicionário.
   em System.Collections.Generic.Dictionary`2.get_Item(TKey key)
   em HP.ST.Fwk.RunTimeFWK.CheckpointFWK.ReportImpl.WriteCPToLog(Dictionary`2 reportData, ILog log)
   em HP.ST.Fwk.RunTimeFWK.CheckpointFWK.ReportImpl.ReportToInternalLog(ISTRunTimeContext context, Dictionary`2 reportData)
2023-12-19 14:06:26,160 [9] ERROR - Failed to log checkpoint status:
2023-12-19 14:06:26,161 [9] ERROR - System.Collections.Generic.KeyNotFoundException: A chave fornecida não estava presente no dicionário.
   em System.Collections.Generic.Dictionary`2.get_Item(TKey key)
   em HP.ST.Fwk.RunTimeFWK.CheckpointFWK.ReportImpl.WriteCPToLog(Dictionary`2 reportData, ILog log)
   em HP.ST.Fwk.RunTimeFWK.CheckpointFWK.ReportImpl.ReportToInternalLog(ISTRunTimeContext context, Dictionary`2 reportData)
2023-12-19 14:06:26,274 [9] ERROR - Failed to log checkpoint status:
2023-12-19 14:06:26,275 [9] ERROR - System.Collections.Generic.KeyNotFoundException: A chave fornecida não estava presente no dicionário.
   em System.Collections.Generic.Dictionary`2.get_Item(TKey key)
   em HP.ST.Fwk.RunTimeFWK.CheckpointFWK.ReportImpl.WriteCPToLog(Dictionary`2 reportData, ILog log)
   em HP.ST.Fwk.RunTimeFWK.CheckpointFWK.ReportImpl.ReportToInternalLog(ISTRunTimeContext context, Dictionary`2 reportData)
2023-12-19 14:06:26,391 [9] ERROR - Failed to log checkpoint status:
2023-12-19 14:06:26,392 [9] ERROR - System.Collections.Generic.KeyNotFoundException: A chave fornecida não estava presente no dicionário.
   em System.Collections.Generic.Dictionary`2.get_Item(TKey key)
   em HP.ST.Fwk.RunTimeFWK.CheckpointFWK.ReportImpl.WriteCPToLog(Dictionary`2 reportData, ILog log)
   em HP.ST.Fwk.RunTimeFWK.CheckpointFWK.ReportImpl.ReportToInternalLog(ISTRunTimeContext context, Dictionary`2 reportData)
2023-12-19 14:06:26,510 [9] ERROR - Failed to log checkpoint status:
2023-12-19 14:06:26,510 [9] ERROR - System.Collections.Generic.KeyNotFoundException: A chave fornecida não estava presente no dicionário.
   em System.Collections.Generic.Dictionary`2.get_Item(TKey key)
   em HP.ST.Fwk.RunTimeFWK.CheckpointFWK.ReportImpl.WriteCPToLog(Dictionary`2 reportData, ILog log)
   em HP.ST.Fwk.RunTimeFWK.CheckpointFWK.ReportImpl.ReportToInternalLog(ISTRunTimeContext context, Dictionary`2 reportData)
2023-12-19 14:06:26,627 [9] ERROR - Failed to log checkpoint status:
2023-12-19 14:06:26,627 [9] ERROR - System.Collections.Generic.KeyNotFoundException: A chave fornecida não estava presente no dicionário.
   em System.Collections.Generic.Dictionary`2.get_Item(TKey key)
   em HP.ST.Fwk.RunTimeFWK.CheckpointFWK.ReportImpl.WriteCPToLog(Dictionary`2 reportData, ILog log)
   em HP.ST.Fwk.RunTimeFWK.CheckpointFWK.ReportImpl.ReportToInternalLog(ISTRunTimeContext context, Dictionary`2 reportData)
2023-12-19 14:06:26,743 [9] ERROR - Failed to log checkpoint status:
2023-12-19 14:06:26,743 [9] ERROR - System.Collections.Generic.KeyNotFoundException: A chave fornecida não estava presente no dicionário.
   em System.Collections.Generic.Dictionary`2.get_Item(TKey key)
   em HP.ST.Fwk.RunTimeFWK.CheckpointFWK.ReportImpl.WriteCPToLog(Dictionary`2 reportData, ILog log)
   em HP.ST.Fwk.RunTimeFWK.CheckpointFWK.ReportImpl.ReportToInternalLog(ISTRunTimeContext context, Dictionary`2 reportData)
2023-12-19 14:06:26,856 [9] ERROR - Failed to log checkpoint status:
2023-12-19 14:06:26,856 [9] ERROR - System.Collections.Generic.KeyNotFoundException: A chave fornecida não estava presente no dicionário.
   em System.Collections.Generic.Dictionary`2.get_Item(TKey key)
   em HP.ST.Fwk.RunTimeFWK.CheckpointFWK.ReportImpl.WriteCPToLog(Dictionary`2 reportData, ILog log)
   em HP.ST.Fwk.RunTimeFWK.CheckpointFWK.ReportImpl.ReportToInternalLog(ISTRunTimeContext context, Dictionary`2 reportData)
2023-12-19 14:06:26,968 [9] ERROR - Failed to log checkpoint status:
2023-12-19 14:06:26,969 [9] ERROR - System.Collections.Generic.KeyNotFoundException: A chave fornecida não estava presente no dicionário.
   em System.Collections.Generic.Dictionary`2.get_Item(TKey key)
   em HP.ST.Fwk.RunTimeFWK.CheckpointFWK.ReportImpl.WriteCPToLog(Dictionary`2 reportData, ILog log)
   em HP.ST.Fwk.RunTimeFWK.CheckpointFWK.ReportImpl.ReportToInternalLog(ISTRunTimeContext context, Dictionary`2 reportData)
2023-12-19 14:06:27,079 [9] ERROR - Failed to log checkpoint status:
2023-12-19 14:06:27,080 [9] ERROR - System.Collections.Generic.KeyNotFoundException: A chave fornecida não estava presente no dicionário.
   em System.Collections.Generic.Dictionary`2.get_Item(TKey key)
   em HP.ST.Fwk.RunTimeFWK.CheckpointFWK.ReportImpl.WriteCPToLog(Dictionary`2 reportData, ILog log)
   em HP.ST.Fwk.RunTimeFWK.CheckpointFWK.ReportImpl.ReportToInternalLog(ISTRunTimeContext context, Dictionary`2 reportData)
2023-12-19 14:06:27,081 [9] ERROR - Failed to log checkpoint status:
2023-12-19 14:06:27,082 [9] ERROR - System.Collections.Generic.KeyNotFoundException: A chave fornecida não estava presente no dicionário.
   em System.Collections.Generic.Dictionary`2.get_Item(TKey key)
   em HP.ST.Fwk.RunTimeFWK.CheckpointFWK.ReportImpl.WriteCPToLog(Dictionary`2 reportData, ILog log)
   em HP.ST.Fwk.RunTimeFWK.CheckpointFWK.ReportImpl.ReportToInternalLog(ISTRunTimeContext context, Dictionary`2 reportData)
